Trimino/app/build/intermediates/manifest_merge_blame_file/debug/manifest-merger-blame-debug-report.txt
1<?xml version="1.0" encoding="utf-8"?>
2<manifest xmlns:android="http://schemas.android.com/apk/res/android"
3    package="com.example.trimino"
4    android:versionCode="1"
5    android:versionName="1.0" >
6
7    <uses-sdk
8        android:minSdkVersion="21"
8-->src\main\AndroidManifest.xml
9        android:targetSdkVersion="32" />
9-->src\main\AndroidManifest.xml
10
11    <uses-permission android:name="android.permission.INTERNET" />
11-->src\main\AndroidManifest.xml:6:5-67
11-->src\main\AndroidManifest.xml:6:22-64
12
13    <!-- Although the *SdkVersion is captured in gradle build files, this is required for non gradle builds -->
14    <!-- <uses-sdk android:minSdkVersion="14"/> -->
15    <uses-permission android:name="android.permission.ACCESS_NETWORK_STATE" />
15-->[com.google.firebase:firebase-database:20.1.0] AndroidManifest.xml:24:5-79
15-->[com.google.firebase:firebase-database:20.1.0] AndroidManifest.xml:24:22-76
16
17    <application
17-->src\main\AndroidManifest.xml:8:5-69:19
18        android:allowBackup="true"
18-->src\main\AndroidManifest.xml:9:9-35
19        android:appComponentFactory="androidx.core.app.CoreComponentFactory"
19-->[androidx.core:core:1.8.0] AndroidManifest.xml:24:18-86
20        android:dataExtractionRules="@xml/data_extraction_rules"
20-->src\main\AndroidManifest.xml:10:9-65
21        android:debuggable="true"
22        android:fullBackupContent="@xml/backup_rules"
22-->src\main\AndroidManifest.xml:11:9-54
23        android:icon="@mipmap/ic_launcher"
23-->src\main\AndroidManifest.xml:12:9-43
24        android:label="@string/app_name"
24-->src\main\AndroidManifest.xml:13:9-41
25        android:roundIcon="@mipmap/ic_launcher_round"
25-->src\main\AndroidManifest.xml:14:9-54
26        android:supportsRtl="true"
26-->src\main\AndroidManifest.xml:15:9-35
27        android:testOnly="true"
28        android:theme="@style/Theme.Trimino" >
28-->src\main\AndroidManifest.xml:16:9-45
29        <activity
29-->src\main\AndroidManifest.xml:18:9-20:40
30            android:name="com.example.trimino.hawaiian"
30-->src\main\AndroidManifest.xml:19:13-37
31            android:exported="false" />
31-->src\main\AndroidManifest.xml:20:13-37
32        <activity
32-->src\main\AndroidManifest.xml:21:9-23:40
33            android:name="com.example.trimino.pepperoni"
33-->src\main\AndroidManifest.xml:22:13-38
34            android:exported="false" />
34-->src\main\AndroidManifest.xml:23:13-37
35        <activity
35-->src\main\AndroidManifest.xml:24:9-26:40
36            android:name="com.example.trimino.mexican"
36-->src\main\AndroidManifest.xml:25:13-36
37            android:exported="false" />
37-->src\main\AndroidManifest.xml:26:13-37
38        <activity
38-->src\main\AndroidManifest.xml:27:9-29:40
39            android:name="com.example.trimino.cheese"
39-->src\main\AndroidManifest.xml:28:13-35
40            android:exported="false" />
40-->src\main\AndroidManifest.xml:29:13-37
41        <activity
41-->src\main\AndroidManifest.xml:30:9-32:40
42            android:name="com.example.trimino.musicController"
42-->src\main\AndroidManifest.xml:31:13-44
43            android:exported="false" />
43-->src\main\AndroidManifest.xml:32:13-37
44        <activity
44-->src\main\AndroidManifest.xml:33:9-35:40
45            android:name="com.example.trimino.profile"
45-->src\main\AndroidManifest.xml:34:13-36
46            android:exported="false" />
46-->src\main\AndroidManifest.xml:35:13-37
47        <activity
47-->src\main\AndroidManifest.xml:36:9-38:40
48            android:name="com.example.trimino.contact"
48-->src\main\AndroidManifest.xml:37:13-36
49            android:exported="false" />
49-->src\main\AndroidManifest.xml:38:13-37
50        <activity
50-->src\main\AndroidManifest.xml:39:9-41:40
51            android:name="com.example.trimino.location"
51-->src\main\AndroidManifest.xml:40:13-37
52            android:exported="false" />
52-->src\main\AndroidManifest.xml:41:13-37
53        <activity
53-->src\main\AndroidManifest.xml:42:9-44:40
54            android:name="com.example.trimino.checkout"
54-->src\main\AndroidManifest.xml:43:13-37
55            android:exported="false" />
55-->src\main\AndroidManifest.xml:44:13-37
56        <activity
56-->src\main\AndroidManifest.xml:45:9-47:40
57            android:name="com.example.trimino.cart"
57-->src\main\AndroidManifest.xml:46:13-33
58            android:exported="false" />
58-->src\main\AndroidManifest.xml:47:13-37
59        <activity
59-->src\main\AndroidManifest.xml:48:9-50:40
60            android:name="com.example.trimino.coupons"
60-->src\main\AndroidManifest.xml:49:13-36
61            android:exported="false" />
61-->src\main\AndroidManifest.xml:50:13-37
62        <activity
62-->src\main\AndroidManifest.xml:51:9-53:40
63            android:name="com.example.trimino.login"
63-->src\main\AndroidManifest.xml:52:13-34
64            android:exported="false" />
64-->src\main\AndroidManifest.xml:53:13-37
65        <activity
65-->src\main\AndroidManifest.xml:54:9-56:40
66            android:name="com.example.trimino.registration"
66-->src\main\AndroidManifest.xml:55:13-41
67            android:exported="false" />
67-->src\main\AndroidManifest.xml:56:13-37
68        <activity
68-->src\main\AndroidManifest.xml:57:9-59:40
69            android:name="com.example.trimino.menu"
69-->src\main\AndroidManifest.xml:58:13-33
70            android:exported="false" />
70-->src\main\AndroidManifest.xml:59:13-37
71        <activity
71-->src\main\AndroidManifest.xml:60:9-68:20
72            android:name="com.example.trimino.MainActivity"
72-->src\main\AndroidManifest.xml:61:13-41
73            android:exported="true" >
73-->src\main\AndroidManifest.xml:62:13-36
74            <intent-filter>
74-->src\main\AndroidManifest.xml:63:13-67:29
75                <action android:name="android.intent.action.MAIN" />
75-->src\main\AndroidManifest.xml:64:17-69
75-->src\main\AndroidManifest.xml:64:25-66
76
77                <category android:name="android.intent.category.LAUNCHER" />
77-->src\main\AndroidManifest.xml:66:17-77
77-->src\main\AndroidManifest.xml:66:27-74
78            </intent-filter>
79        </activity>
80
81        <service
81-->[com.google.firebase:firebase-database:20.1.0] AndroidManifest.xml:28:9-34:19
82            android:name="com.google.firebase.components.ComponentDiscoveryService"
82-->[com.google.firebase:firebase-database:20.1.0] AndroidManifest.xml:29:13-84
83            android:directBootAware="true"
83-->[com.google.firebase:firebase-common:20.2.0] AndroidManifest.xml:34:13-43
84            android:exported="false" >
84-->[com.google.firebase:firebase-database:20.1.0] AndroidManifest.xml:30:13-37
85            <meta-data
85-->[com.google.firebase:firebase-database:20.1.0] AndroidManifest.xml:31:13-33:85
86                android:name="com.google.firebase.components:com.google.firebase.database.DatabaseRegistrar"
86-->[com.google.firebase:firebase-database:20.1.0] AndroidManifest.xml:32:17-109
87                android:value="com.google.firebase.components.ComponentRegistrar" />
87-->[com.google.firebase:firebase-database:20.1.0] AndroidManifest.xml:33:17-82
88            <meta-data
88-->[com.google.firebase:firebase-auth:21.1.0] AndroidManifest.xml:67:13-69:85
89                android:name="com.google.firebase.components:com.google.firebase.auth.FirebaseAuthRegistrar"
89-->[com.google.firebase:firebase-auth:21.1.0] AndroidManifest.xml:68:17-109
90                android:value="com.google.firebase.components.ComponentRegistrar" />
90-->[com.google.firebase:firebase-auth:21.1.0] AndroidManifest.xml:69:17-82
91        </service>
92
93        <activity
93-->[com.google.firebase:firebase-auth:21.1.0] AndroidManifest.xml:27:9-44:20
94            android:name="com.google.firebase.auth.internal.GenericIdpActivity"
94-->[com.google.firebase:firebase-auth:21.1.0] AndroidManifest.xml:28:13-80
95            android:excludeFromRecents="true"
95-->[com.google.firebase:firebase-auth:21.1.0] AndroidManifest.xml:29:13-46
96            android:exported="true"
96-->[com.google.firebase:firebase-auth:21.1.0] AndroidManifest.xml:30:13-36
97            android:launchMode="singleTask"
97-->[com.google.firebase:firebase-auth:21.1.0] AndroidManifest.xml:31:13-44
98            android:theme="@android:style/Theme.Translucent.NoTitleBar" >
98-->[com.google.firebase:firebase-auth:21.1.0] AndroidManifest.xml:32:13-72
99            <intent-filter>
99-->[com.google.firebase:firebase-auth:21.1.0] AndroidManifest.xml:33:13-43:29
100                <action android:name="android.intent.action.VIEW" />
100-->[com.google.firebase:firebase-auth:21.1.0] AndroidManifest.xml:34:17-69
100-->[com.google.firebase:firebase-auth:21.1.0] AndroidManifest.xml:34:25-66
101
102                <category android:name="android.intent.category.DEFAULT" />
102-->[com.google.firebase:firebase-auth:21.1.0] AndroidManifest.xml:36:17-76
102-->[com.google.firebase:firebase-auth:21.1.0] AndroidManifest.xml:36:27-73
103                <category android:name="android.intent.category.BROWSABLE" />
103-->[com.google.firebase:firebase-auth:21.1.0] AndroidManifest.xml:37:17-78
103-->[com.google.firebase:firebase-auth:21.1.0] AndroidManifest.xml:37:27-75
104
105                <data
105-->[com.google.firebase:firebase-auth:21.1.0] AndroidManifest.xml:39:17-42:51
106                    android:host="firebase.auth"
106-->[com.google.firebase:firebase-auth:21.1.0] AndroidManifest.xml:40:21-49
107                    android:path="/"
107-->[com.google.firebase:firebase-auth:21.1.0] AndroidManifest.xml:41:21-37
108                    android:scheme="genericidp" />
108-->[com.google.firebase:firebase-auth:21.1.0] AndroidManifest.xml:42:21-48
109            </intent-filter>
110        </activity>
111        <activity
111-->[com.google.firebase:firebase-auth:21.1.0] AndroidManifest.xml:45:9-62:20
112            android:name="com.google.firebase.auth.internal.RecaptchaActivity"
112-->[com.google.firebase:firebase-auth:21.1.0] AndroidManifest.xml:46:13-79
113            android:excludeFromRecents="true"
113-->[com.google.firebase:firebase-auth:21.1.0] AndroidManifest.xml:47:13-46
114            android:exported="true"
114-->[com.google.firebase:firebase-auth:21.1.0] AndroidManifest.xml:48:13-36
115            android:launchMode="singleTask"
115-->[com.google.firebase:firebase-auth:21.1.0] AndroidManifest.xml:49:13-44
116            android:theme="@android:style/Theme.Translucent.NoTitleBar" >
116-->[com.google.firebase:firebase-auth:21.1.0] AndroidManifest.xml:50:13-72
117            <intent-filter>
117-->[com.google.firebase:firebase-auth:21.1.0] AndroidManifest.xml:51:13-61:29
118                <action android:name="android.intent.action.VIEW" />
118-->[com.google.firebase:firebase-auth:21.1.0] AndroidManifest.xml:34:17-69
118-->[com.google.firebase:firebase-auth:21.1.0] AndroidManifest.xml:34:25-66
119
120                <category android:name="android.intent.category.DEFAULT" />
120-->[com.google.firebase:firebase-auth:21.1.0] AndroidManifest.xml:36:17-76
120-->[com.google.firebase:firebase-auth:21.1.0] AndroidManifest.xml:36:27-73
121                <category android:name="android.intent.category.BROWSABLE" />
121-->[com.google.firebase:firebase-auth:21.1.0] AndroidManifest.xml:37:17-78
121-->[com.google.firebase:firebase-auth:21.1.0] AndroidManifest.xml:37:27-75
122
123                <data
123-->[com.google.firebase:firebase-auth:21.1.0] AndroidManifest.xml:39:17-42:51
124                    android:host="firebase.auth"
124-->[com.google.firebase:firebase-auth:21.1.0] AndroidManifest.xml:40:21-49
125                    android:path="/"
125-->[com.google.firebase:firebase-auth:21.1.0] AndroidManifest.xml:41:21-37
126                    android:scheme="recaptcha" />
126-->[com.google.firebase:firebase-auth:21.1.0] AndroidManifest.xml:42:21-48
127            </intent-filter>
128        </activity>
129        <activity
129-->[com.google.android.gms:play-services-base:18.0.1] AndroidManifest.xml:20:9-22:45
130            android:name="com.google.android.gms.common.api.GoogleApiActivity"
130-->[com.google.android.gms:play-services-base:18.0.1] AndroidManifest.xml:20:19-85
131            android:exported="false"
131-->[com.google.android.gms:play-services-base:18.0.1] AndroidManifest.xml:22:19-43
132            android:theme="@android:style/Theme.Translucent.NoTitleBar" />
132-->[com.google.android.gms:play-services-base:18.0.1] AndroidManifest.xml:21:19-78
133
134        <provider
134-->[com.google.firebase:firebase-common:20.2.0] AndroidManifest.xml:25:9-30:39
135            android:name="com.google.firebase.provider.FirebaseInitProvider"
135-->[com.google.firebase:firebase-common:20.2.0] AndroidManifest.xml:26:13-77
136            android:authorities="com.example.trimino.firebaseinitprovider"
136-->[com.google.firebase:firebase-common:20.2.0] AndroidManifest.xml:27:13-72
137            android:directBootAware="true"
137-->[com.google.firebase:firebase-common:20.2.0] AndroidManifest.xml:28:13-43
138            android:exported="false"
138-->[com.google.firebase:firebase-common:20.2.0] AndroidManifest.xml:29:13-37
139            android:initOrder="100" />
139-->[com.google.firebase:firebase-common:20.2.0] AndroidManifest.xml:30:13-36
140
141        <meta-data
141-->[com.google.android.gms:play-services-basement:18.1.0] AndroidManifest.xml:21:9-23:69
142            android:name="com.google.android.gms.version"
142-->[com.google.android.gms:play-services-basement:18.1.0] AndroidManifest.xml:22:13-58
143            android:value="@integer/google_play_services_version" />
143-->[com.google.android.gms:play-services-basement:18.1.0] AndroidManifest.xml:23:13-66
144
145        <provider
145-->[androidx.emoji2:emoji2:1.2.0] AndroidManifest.xml:24:9-32:20
146            android:name="androidx.startup.InitializationProvider"
146-->[androidx.emoji2:emoji2:1.2.0] AndroidManifest.xml:25:13-67
147            android:authorities="com.example.trimino.androidx-startup"
147-->[androidx.emoji2:emoji2:1.2.0] AndroidManifest.xml:26:13-68
148            android:exported="false" >
148-->[androidx.emoji2:emoji2:1.2.0] AndroidManifest.xml:27:13-37
149            <meta-data
149-->[androidx.emoji2:emoji2:1.2.0] AndroidManifest.xml:29:13-31:52
150                android:name="androidx.emoji2.text.EmojiCompatInitializer"
150-->[androidx.emoji2:emoji2:1.2.0] AndroidManifest.xml:30:17-75
151                android:value="androidx.startup" />
151-->[androidx.emoji2:emoji2:1.2.0] AndroidManifest.xml:31:17-49
152            <meta-data
152-->[androidx.lifecycle:lifecycle-process:2.4.1] AndroidManifest.xml:31:13-33:52
153                android:name="androidx.lifecycle.ProcessLifecycleInitializer"
153-->[androidx.lifecycle:lifecycle-process:2.4.1] AndroidManifest.xml:32:17-78
154                android:value="androidx.startup" />
154-->[androidx.lifecycle:lifecycle-process:2.4.1] AndroidManifest.xml:33:17-49
155        </provider>
156    </application>
157
158</manifest>